<?xml version="1.0" encoding="UTF-8"?>
<!-- Generated by org.testng.reporters.JUnitReportReporter -->
<testsuite hostname="DESKTOP-GC5HGKU" failures="0" tests="1" name="Qagroup.MavenComandSureFire.propertyFiledata" time="4.744" errors="0" timestamp="2023-06-13T10:55:05 IST" skipped="0">
  <testcase classname="Qagroup.MavenComandSureFire.propertyFiledata" name="getData" time="4.744"/>
  <system-out/>
</testsuite> <!-- Qagroup.MavenComandSureFire.propertyFiledata -->
