<?xml version="1.0" encoding="UTF-8"?>
<!-- Generated by org.testng.reporters.JUnitReportReporter -->
<testsuite hostname="DESKTOP-GC5HGKU" failures="0" tests="1" name="RahulShetty.ExtendReport.ExtentReportDemo" time="8.594" errors="0" timestamp="2023-06-06T14:00:38 IST" skipped="0">
  <testcase classname="RahulShetty.ExtendReport.ExtentReportDemo" name="Initialdemo" time="8.594"/>
  <system-out/>
</testsuite> <!-- RahulShetty.ExtendReport.ExtentReportDemo -->
