<?xml version="1.0" encoding="UTF-8"?>
<!-- Generated by org.testng.reporters.JUnitReportReporter -->
<testsuite hostname="DESKTOP-GC5HGKU" failures="0" tests="1" name="RahulShetty.ExtendReport.test3" time="16.664" errors="0" timestamp="2023-06-07T09:16:04 IST" skipped="0">
  <testcase classname="RahulShetty.ExtendReport.test3" name="Initialdemo" time="16.664"/>
  <system-out/>
</testsuite> <!-- RahulShetty.ExtendReport.test3 -->
